   0  $accept : %entry% $end

   1  program : program_with_headers EOF

   2  program_with_headers : includs decls
   3                       | decls

   4  includs : includs includ
   5          | includ

   6  includ : INCLUDE STRING SEMI

   7  decls :
   8        | stmt decls
   9        | tdecl_or_fdecl decls

  10  tdecl_or_fdecl : fdecl
  11                 | tdecl

  12  fdecl : FUN ID LPAREN formals_opt RPAREN LBRACE stmt_list RBRACE

  13  tdecl : TUPLE TID LBRACE tup_item_list RBRACE

  14  tup_item_list : tup_item
  15                | tup_item_list COMMA tup_item

  16  tup_item : ID
  17           | ID COLON tup_typ

  18  tup_typ : INTEGER
  19          | REAL
  20          | TEXT

  21  formals_opt :
  22              | formal_list

  23  formal_list : ID
  24              | formal_list COMMA ID

  25  stmt_list :
  26            | stmt_list stmt

  27  stmt : expr SEMI
  28       | LBRACE stmt_list RBRACE
  29       | IF LPAREN expr RPAREN stmt
  30       | IF LPAREN expr RPAREN stmt ELSE stmt
  31       | FOR ID IN expr LBRACE stmt_list RBRACE
  32       | FOR ID IN expr COLON stmt
  33       | WHILE LPAREN expr RPAREN stmt
  34       | BREAK SEMI
  35       | CONTINUE SEMI
  36       | RETURN SEMI
  37       | RETURN expr SEMI

  38  obj : ID
  39      | obj LBRACK expr RBRACK

  40  appended_obj : obj
  41               | obj DOLLAR ID
  42               | obj DOLLAR LPAREN expr RPAREN
  43               | obj LBRACK expr_opt COLON expr_opt RBRACK
  44               | obj LBRACK RBRACK

  45  lhs_appended_obj : appended_obj
  46                   | AT obj LBRACK expr RBRACK

  47  expr_opt :
  48           | expr

  49  expr : LITERAL
  50       | FLOAT
  51       | STRING
  52       | TRUE
  53       | FALSE
  54       | appended_obj
  55       | expr PLUS expr
  56       | expr MINUS expr
  57       | expr TIMES expr
  58       | expr DIVIDE expr
  59       | expr EQ expr
  60       | expr NEQ expr
  61       | expr LT expr
  62       | expr LEQ expr
  63       | expr GT expr
  64       | expr GEQ expr
  65       | expr AND expr
  66       | expr OR expr
  67       | MINUS expr
  68       | NOT expr
  69       | lhs_appended_obj ASSIGN expr
  70       | ID LPAREN actuals_opt RPAREN
  71       | TID
  72       | TID LBRACK RBRACK
  73       | LBRACK actuals_opt RBRACK
  74       | LPAREN expr RPAREN

  75  actuals_opt :
  76              | actuals_list

  77  actuals_list : expr
  78               | actuals_list COMMA expr

  79  %entry% : '\001' program

state 0
	$accept : . %entry% $end  (0)

	'\001'  shift 1
	.  error

	%entry%  goto 2


state 1
	%entry% : '\001' . program  (79)
	decls : .  (7)

	LPAREN  shift 3
	LBRACE  shift 4
	LBRACK  shift 5
	AT  shift 6
	MINUS  shift 7
	NOT  shift 8
	TRUE  shift 9
	FALSE  shift 10
	RETURN  shift 11
	IF  shift 12
	FOR  shift 13
	WHILE  shift 14
	INCLUDE  shift 15
	TUPLE  shift 16
	BREAK  shift 17
	CONTINUE  shift 18
	FUN  shift 19
	LITERAL  shift 20
	FLOAT  shift 21
	STRING  shift 22
	ID  shift 23
	TID  shift 24
	EOF  reduce 7

	program  goto 25
	program_with_headers  goto 26
	includs  goto 27
	decls  goto 28
	includ  goto 29
	stmt  goto 30
	tdecl_or_fdecl  goto 31
	fdecl  goto 32
	tdecl  goto 33
	expr  goto 34
	obj  goto 35
	appended_obj  goto 36
	lhs_appended_obj  goto 37


state 2
	$accept : %entry% . $end  (0)

	$end  accept


state 3
	expr : LPAREN . expr RPAREN  (74)

	LPAREN  shift 3
	LBRACK  shift 5
	AT  shift 6
	MINUS  shift 7
	NOT  shift 8
	TRUE  shift 9
	FALSE  shift 10
	LITERAL  shift 20
	FLOAT  shift 21
	STRING  shift 22
	ID  shift 23
	TID  shift 24
	.  error

	expr  goto 38
	obj  goto 35
	appended_obj  goto 36
	lhs_appended_obj  goto 37


state 4
	stmt : LBRACE . stmt_list RBRACE  (28)
	stmt_list : .  (25)

	.  reduce 25

	stmt_list  goto 39


state 5
	expr : LBRACK . actuals_opt RBRACK  (73)
	actuals_opt : .  (75)

	LPAREN  shift 3
	LBRACK  shift 5
	AT  shift 6
	MINUS  shift 7
	NOT  shift 8
	TRUE  shift 9
	FALSE  shift 10
	LITERAL  shift 20
	FLOAT  shift 21
	STRING  shift 22
	ID  shift 23
	TID  shift 24
	RBRACK  reduce 75

	expr  goto 40
	obj  goto 35
	appended_obj  goto 36
	lhs_appended_obj  goto 37
	actuals_opt  goto 41
	actuals_list  goto 42


state 6
	lhs_appended_obj : AT . obj LBRACK expr RBRACK  (46)

	ID  shift 43
	.  error

	obj  goto 44


state 7
	expr : MINUS . expr  (67)

	LPAREN  shift 3
	LBRACK  shift 5
	AT  shift 6
	MINUS  shift 7
	NOT  shift 8
	TRUE  shift 9
	FALSE  shift 10
	LITERAL  shift 20
	FLOAT  shift 21
	STRING  shift 22
	ID  shift 23
	TID  shift 24
	.  error

	expr  goto 45
	obj  goto 35
	appended_obj  goto 36
	lhs_appended_obj  goto 37


state 8
	expr : NOT . expr  (68)

	LPAREN  shift 3
	LBRACK  shift 5
	AT  shift 6
	MINUS  shift 7
	NOT  shift 8
	TRUE  shift 9
	FALSE  shift 10
	LITERAL  shift 20
	FLOAT  shift 21
	STRING  shift 22
	ID  shift 23
	TID  shift 24
	.  error

	expr  goto 46
	obj  goto 35
	appended_obj  goto 36
	lhs_appended_obj  goto 37


state 9
	expr : TRUE .  (52)

	.  reduce 52


state 10
	expr : FALSE .  (53)

	.  reduce 53


state 11
	stmt : RETURN . SEMI  (36)
	stmt : RETURN . expr SEMI  (37)

	SEMI  shift 47
	LPAREN  shift 3
	LBRACK  shift 5
	AT  shift 6
	MINUS  shift 7
	NOT  shift 8
	TRUE  shift 9
	FALSE  shift 10
	LITERAL  shift 20
	FLOAT  shift 21
	STRING  shift 22
	ID  shift 23
	TID  shift 24
	.  error

	expr  goto 48
	obj  goto 35
	appended_obj  goto 36
	lhs_appended_obj  goto 37


state 12
	stmt : IF . LPAREN expr RPAREN stmt  (29)
	stmt : IF . LPAREN expr RPAREN stmt ELSE stmt  (30)

	LPAREN  shift 49
	.  error


state 13
	stmt : FOR . ID IN expr LBRACE stmt_list RBRACE  (31)
	stmt : FOR . ID IN expr COLON stmt  (32)

	ID  shift 50
	.  error


state 14
	stmt : WHILE . LPAREN expr RPAREN stmt  (33)

	LPAREN  shift 51
	.  error


state 15
	includ : INCLUDE . STRING SEMI  (6)

	STRING  shift 52
	.  error


state 16
	tdecl : TUPLE . TID LBRACE tup_item_list RBRACE  (13)

	TID  shift 53
	.  error


state 17
	stmt : BREAK . SEMI  (34)

	SEMI  shift 54
	.  error


state 18
	stmt : CONTINUE . SEMI  (35)

	SEMI  shift 55
	.  error


state 19
	fdecl : FUN . ID LPAREN formals_opt RPAREN LBRACE stmt_list RBRACE  (12)

	ID  shift 56
	.  error


state 20
	expr : LITERAL .  (49)

	.  reduce 49


state 21
	expr : FLOAT .  (50)

	.  reduce 50


state 22
	expr : STRING .  (51)

	.  reduce 51


state 23
	obj : ID .  (38)
	expr : ID . LPAREN actuals_opt RPAREN  (70)

	LPAREN  shift 57
	SEMI  reduce 38
	RPAREN  reduce 38
	LBRACE  reduce 38
	LBRACK  reduce 38
	RBRACK  reduce 38
	COMMA  reduce 38
	COLON  reduce 38
	PLUS  reduce 38
	MINUS  reduce 38
	TIMES  reduce 38
	DIVIDE  reduce 38
	ASSIGN  reduce 38
	EQ  reduce 38
	NEQ  reduce 38
	LT  reduce 38
	LEQ  reduce 38
	GT  reduce 38
	GEQ  reduce 38
	AND  reduce 38
	OR  reduce 38
	DOLLAR  reduce 38


state 24
	expr : TID .  (71)
	expr : TID . LBRACK RBRACK  (72)

	LBRACK  shift 58
	SEMI  reduce 71
	RPAREN  reduce 71
	LBRACE  reduce 71
	RBRACK  reduce 71
	COMMA  reduce 71
	COLON  reduce 71
	PLUS  reduce 71
	MINUS  reduce 71
	TIMES  reduce 71
	DIVIDE  reduce 71
	EQ  reduce 71
	NEQ  reduce 71
	LT  reduce 71
	LEQ  reduce 71
	GT  reduce 71
	GEQ  reduce 71
	AND  reduce 71
	OR  reduce 71


state 25
	%entry% : '\001' program .  (79)

	.  reduce 79


state 26
	program : program_with_headers . EOF  (1)

	EOF  shift 59
	.  error


state 27
	program_with_headers : includs . decls  (2)
	includs : includs . includ  (4)
	decls : .  (7)

	LPAREN  shift 3
	LBRACE  shift 4
	LBRACK  shift 5
	AT  shift 6
	MINUS  shift 7
	NOT  shift 8
	TRUE  shift 9
	FALSE  shift 10
	RETURN  shift 11
	IF  shift 12
	FOR  shift 13
	WHILE  shift 14
	INCLUDE  shift 15
	TUPLE  shift 16
	BREAK  shift 17
	CONTINUE  shift 18
	FUN  shift 19
	LITERAL  shift 20
	FLOAT  shift 21
	STRING  shift 22
	ID  shift 23
	TID  shift 24
	EOF  reduce 7

	decls  goto 60
	includ  goto 61
	stmt  goto 30
	tdecl_or_fdecl  goto 31
	fdecl  goto 32
	tdecl  goto 33
	expr  goto 34
	obj  goto 35
	appended_obj  goto 36
	lhs_appended_obj  goto 37


state 28
	program_with_headers : decls .  (3)

	.  reduce 3


state 29
	includs : includ .  (5)

	.  reduce 5


state 30
	decls : stmt . decls  (8)
	decls : .  (7)

	LPAREN  shift 3
	LBRACE  shift 4
	LBRACK  shift 5
	AT  shift 6
	MINUS  shift 7
	NOT  shift 8
	TRUE  shift 9
	FALSE  shift 10
	RETURN  shift 11
	IF  shift 12
	FOR  shift 13
	WHILE  shift 14
	TUPLE  shift 16
	BREAK  shift 17
	CONTINUE  shift 18
	FUN  shift 19
	LITERAL  shift 20
	FLOAT  shift 21
	STRING  shift 22
	ID  shift 23
	TID  shift 24
	EOF  reduce 7

	decls  goto 62
	stmt  goto 30
	tdecl_or_fdecl  goto 31
	fdecl  goto 32
	tdecl  goto 33
	expr  goto 34
	obj  goto 35
	appended_obj  goto 36
	lhs_appended_obj  goto 37


state 31
	decls : tdecl_or_fdecl . decls  (9)
	decls : .  (7)

	LPAREN  shift 3
	LBRACE  shift 4
	LBRACK  shift 5
	AT  shift 6
	MINUS  shift 7
	NOT  shift 8
	TRUE  shift 9
	FALSE  shift 10
	RETURN  shift 11
	IF  shift 12
	FOR  shift 13
	WHILE  shift 14
	TUPLE  shift 16
	BREAK  shift 17
	CONTINUE  shift 18
	FUN  shift 19
	LITERAL  shift 20
	FLOAT  shift 21
	STRING  shift 22
	ID  shift 23
	TID  shift 24
	EOF  reduce 7

	decls  goto 63
	stmt  goto 30
	tdecl_or_fdecl  goto 31
	fdecl  goto 32
	tdecl  goto 33
	expr  goto 34
	obj  goto 35
	appended_obj  goto 36
	lhs_appended_obj  goto 37


state 32
	tdecl_or_fdecl : fdecl .  (10)

	.  reduce 10


state 33
	tdecl_or_fdecl : tdecl .  (11)

	.  reduce 11


state 34
	stmt : expr . SEMI  (27)
	expr : expr . PLUS expr  (55)
	expr : expr . MINUS expr  (56)
	expr : expr . TIMES expr  (57)
	expr : expr . DIVIDE expr  (58)
	expr : expr . EQ expr  (59)
	expr : expr . NEQ expr  (60)
	expr : expr . LT expr  (61)
	expr : expr . LEQ expr  (62)
	expr : expr . GT expr  (63)
	expr : expr . GEQ expr  (64)
	expr : expr . AND expr  (65)
	expr : expr . OR expr  (66)

	SEMI  shift 64
	PLUS  shift 65
	MINUS  shift 66
	TIMES  shift 67
	DIVIDE  shift 68
	EQ  shift 69
	NEQ  shift 70
	LT  shift 71
	LEQ  shift 72
	GT  shift 73
	GEQ  shift 74
	AND  shift 75
	OR  shift 76
	.  error


state 35
	obj : obj . LBRACK expr RBRACK  (39)
	appended_obj : obj .  (40)
	appended_obj : obj . DOLLAR ID  (41)
	appended_obj : obj . DOLLAR LPAREN expr RPAREN  (42)
	appended_obj : obj . LBRACK expr_opt COLON expr_opt RBRACK  (43)
	appended_obj : obj . LBRACK RBRACK  (44)

	LBRACK  shift 77
	DOLLAR  shift 78
	SEMI  reduce 40
	RPAREN  reduce 40
	LBRACE  reduce 40
	RBRACK  reduce 40
	COMMA  reduce 40
	COLON  reduce 40
	PLUS  reduce 40
	MINUS  reduce 40
	TIMES  reduce 40
	DIVIDE  reduce 40
	ASSIGN  reduce 40
	EQ  reduce 40
	NEQ  reduce 40
	LT  reduce 40
	LEQ  reduce 40
	GT  reduce 40
	GEQ  reduce 40
	AND  reduce 40
	OR  reduce 40


state 36
	lhs_appended_obj : appended_obj .  (45)
	expr : appended_obj .  (54)

	SEMI  reduce 54
	RPAREN  reduce 54
	LBRACE  reduce 54
	RBRACK  reduce 54
	COMMA  reduce 54
	COLON  reduce 54
	PLUS  reduce 54
	MINUS  reduce 54
	TIMES  reduce 54
	DIVIDE  reduce 54
	ASSIGN  reduce 45
	EQ  reduce 54
	NEQ  reduce 54
	LT  reduce 54
	LEQ  reduce 54
	GT  reduce 54
	GEQ  reduce 54
	AND  reduce 54
	OR  reduce 54


state 37
	expr : lhs_appended_obj . ASSIGN expr  (69)

	ASSIGN  shift 79
	.  error


state 38
	expr : expr . PLUS expr  (55)
	expr : expr . MINUS expr  (56)
	expr : expr . TIMES expr  (57)
	expr : expr . DIVIDE expr  (58)
	expr : expr . EQ expr  (59)
	expr : expr . NEQ expr  (60)
	expr : expr . LT expr  (61)
	expr : expr . LEQ expr  (62)
	expr : expr . GT expr  (63)
	expr : expr . GEQ expr  (64)
	expr : expr . AND expr  (65)
	expr : expr . OR expr  (66)
	expr : LPAREN expr . RPAREN  (74)

	RPAREN  shift 80
	PLUS  shift 65
	MINUS  shift 66
	TIMES  shift 67
	DIVIDE  shift 68
	EQ  shift 69
	NEQ  shift 70
	LT  shift 71
	LEQ  shift 72
	GT  shift 73
	GEQ  shift 74
	AND  shift 75
	OR  shift 76
	.  error


state 39
	stmt_list : stmt_list . stmt  (26)
	stmt : LBRACE stmt_list . RBRACE  (28)

	LPAREN  shift 3
	LBRACE  shift 4
	RBRACE  shift 81
	LBRACK  shift 5
	AT  shift 6
	MINUS  shift 7
	NOT  shift 8
	TRUE  shift 9
	FALSE  shift 10
	RETURN  shift 11
	IF  shift 12
	FOR  shift 13
	WHILE  shift 14
	BREAK  shift 17
	CONTINUE  shift 18
	LITERAL  shift 20
	FLOAT  shift 21
	STRING  shift 22
	ID  shift 23
	TID  shift 24
	.  error

	stmt  goto 82
	expr  goto 34
	obj  goto 35
	appended_obj  goto 36
	lhs_appended_obj  goto 37


state 40
	expr : expr . PLUS expr  (55)
	expr : expr . MINUS expr  (56)
	expr : expr . TIMES expr  (57)
	expr : expr . DIVIDE expr  (58)
	expr : expr . EQ expr  (59)
	expr : expr . NEQ expr  (60)
	expr : expr . LT expr  (61)
	expr : expr . LEQ expr  (62)
	expr : expr . GT expr  (63)
	expr : expr . GEQ expr  (64)
	expr : expr . AND expr  (65)
	expr : expr . OR expr  (66)
	actuals_list : expr .  (77)

	PLUS  shift 65
	MINUS  shift 66
	TIMES  shift 67
	DIVIDE  shift 68
	EQ  shift 69
	NEQ  shift 70
	LT  shift 71
	LEQ  shift 72
	GT  shift 73
	GEQ  shift 74
	AND  shift 75
	OR  shift 76
	RPAREN  reduce 77
	RBRACK  reduce 77
	COMMA  reduce 77


state 41
	expr : LBRACK actuals_opt . RBRACK  (73)

	RBRACK  shift 83
	.  error


state 42
	actuals_opt : actuals_list .  (76)
	actuals_list : actuals_list . COMMA expr  (78)

	COMMA  shift 84
	RPAREN  reduce 76
	RBRACK  reduce 76


state 43
	obj : ID .  (38)

	.  reduce 38


state 44
	obj : obj . LBRACK expr RBRACK  (39)
	lhs_appended_obj : AT obj . LBRACK expr RBRACK  (46)

	LBRACK  shift 85
	.  error


state 45
	expr : expr . PLUS expr  (55)
	expr : expr . MINUS expr  (56)
	expr : expr . TIMES expr  (57)
	expr : expr . DIVIDE expr  (58)
	expr : expr . EQ expr  (59)
	expr : expr . NEQ expr  (60)
	expr : expr . LT expr  (61)
	expr : expr . LEQ expr  (62)
	expr : expr . GT expr  (63)
	expr : expr . GEQ expr  (64)
	expr : expr . AND expr  (65)
	expr : expr . OR expr  (66)
	expr : MINUS expr .  (67)

	.  reduce 67


state 46
	expr : expr . PLUS expr  (55)
	expr : expr . MINUS expr  (56)
	expr : expr . TIMES expr  (57)
	expr : expr . DIVIDE expr  (58)
	expr : expr . EQ expr  (59)
	expr : expr . NEQ expr  (60)
	expr : expr . LT expr  (61)
	expr : expr . LEQ expr  (62)
	expr : expr . GT expr  (63)
	expr : expr . GEQ expr  (64)
	expr : expr . AND expr  (65)
	expr : expr . OR expr  (66)
	expr : NOT expr .  (68)

	.  reduce 68


state 47
	stmt : RETURN SEMI .  (36)

	.  reduce 36


state 48
	stmt : RETURN expr . SEMI  (37)
	expr : expr . PLUS expr  (55)
	expr : expr . MINUS expr  (56)
	expr : expr . TIMES expr  (57)
	expr : expr . DIVIDE expr  (58)
	expr : expr . EQ expr  (59)
	expr : expr . NEQ expr  (60)
	expr : expr . LT expr  (61)
	expr : expr . LEQ expr  (62)
	expr : expr . GT expr  (63)
	expr : expr . GEQ expr  (64)
	expr : expr . AND expr  (65)
	expr : expr . OR expr  (66)

	SEMI  shift 86
	PLUS  shift 65
	MINUS  shift 66
	TIMES  shift 67
	DIVIDE  shift 68
	EQ  shift 69
	NEQ  shift 70
	LT  shift 71
	LEQ  shift 72
	GT  shift 73
	GEQ  shift 74
	AND  shift 75
	OR  shift 76
	.  error


state 49
	stmt : IF LPAREN . expr RPAREN stmt  (29)
	stmt : IF LPAREN . expr RPAREN stmt ELSE stmt  (30)

	LPAREN  shift 3
	LBRACK  shift 5
	AT  shift 6
	MINUS  shift 7
	NOT  shift 8
	TRUE  shift 9
	FALSE  shift 10
	LITERAL  shift 20
	FLOAT  shift 21
	STRING  shift 22
	ID  shift 23
	TID  shift 24
	.  error

	expr  goto 87
	obj  goto 35
	appended_obj  goto 36
	lhs_appended_obj  goto 37


state 50
	stmt : FOR ID . IN expr LBRACE stmt_list RBRACE  (31)
	stmt : FOR ID . IN expr COLON stmt  (32)

	IN  shift 88
	.  error


state 51
	stmt : WHILE LPAREN . expr RPAREN stmt  (33)

	LPAREN  shift 3
	LBRACK  shift 5
	AT  shift 6
	MINUS  shift 7
	NOT  shift 8
	TRUE  shift 9
	FALSE  shift 10
	LITERAL  shift 20
	FLOAT  shift 21
	STRING  shift 22
	ID  shift 23
	TID  shift 24
	.  error

	expr  goto 89
	obj  goto 35
	appended_obj  goto 36
	lhs_appended_obj  goto 37


state 52
	includ : INCLUDE STRING . SEMI  (6)

	SEMI  shift 90
	.  error


state 53
	tdecl : TUPLE TID . LBRACE tup_item_list RBRACE  (13)

	LBRACE  shift 91
	.  error


state 54
	stmt : BREAK SEMI .  (34)

	.  reduce 34


state 55
	stmt : CONTINUE SEMI .  (35)

	.  reduce 35


state 56
	fdecl : FUN ID . LPAREN formals_opt RPAREN LBRACE stmt_list RBRACE  (12)

	LPAREN  shift 92
	.  error


state 57
	expr : ID LPAREN . actuals_opt RPAREN  (70)
	actuals_opt : .  (75)

	LPAREN  shift 3
	LBRACK  shift 5
	AT  shift 6
	MINUS  shift 7
	NOT  shift 8
	TRUE  shift 9
	FALSE  shift 10
	LITERAL  shift 20
	FLOAT  shift 21
	STRING  shift 22
	ID  shift 23
	TID  shift 24
	RPAREN  reduce 75

	expr  goto 40
	obj  goto 35
	appended_obj  goto 36
	lhs_appended_obj  goto 37
	actuals_opt  goto 93
	actuals_list  goto 42


state 58
	expr : TID LBRACK . RBRACK  (72)

	RBRACK  shift 94
	.  error


state 59
	program : program_with_headers EOF .  (1)

	.  reduce 1


state 60
	program_with_headers : includs decls .  (2)

	.  reduce 2


state 61
	includs : includs includ .  (4)

	.  reduce 4


state 62
	decls : stmt decls .  (8)

	.  reduce 8


state 63
	decls : tdecl_or_fdecl decls .  (9)

	.  reduce 9


state 64
	stmt : expr SEMI .  (27)

	.  reduce 27


state 65
	expr : expr PLUS . expr  (55)

	LPAREN  shift 3
	LBRACK  shift 5
	AT  shift 6
	MINUS  shift 7
	NOT  shift 8
	TRUE  shift 9
	FALSE  shift 10
	LITERAL  shift 20
	FLOAT  shift 21
	STRING  shift 22
	ID  shift 23
	TID  shift 24
	.  error

	expr  goto 95
	obj  goto 35
	appended_obj  goto 36
	lhs_appended_obj  goto 37


state 66
	expr : expr MINUS . expr  (56)

	LPAREN  shift 3
	LBRACK  shift 5
	AT  shift 6
	MINUS  shift 7
	NOT  shift 8
	TRUE  shift 9
	FALSE  shift 10
	LITERAL  shift 20
	FLOAT  shift 21
	STRING  shift 22
	ID  shift 23
	TID  shift 24
	.  error

	expr  goto 96
	obj  goto 35
	appended_obj  goto 36
	lhs_appended_obj  goto 37


state 67
	expr : expr TIMES . expr  (57)

	LPAREN  shift 3
	LBRACK  shift 5
	AT  shift 6
	MINUS  shift 7
	NOT  shift 8
	TRUE  shift 9
	FALSE  shift 10
	LITERAL  shift 20
	FLOAT  shift 21
	STRING  shift 22
	ID  shift 23
	TID  shift 24
	.  error

	expr  goto 97
	obj  goto 35
	appended_obj  goto 36
	lhs_appended_obj  goto 37


state 68
	expr : expr DIVIDE . expr  (58)

	LPAREN  shift 3
	LBRACK  shift 5
	AT  shift 6
	MINUS  shift 7
	NOT  shift 8
	TRUE  shift 9
	FALSE  shift 10
	LITERAL  shift 20
	FLOAT  shift 21
	STRING  shift 22
	ID  shift 23
	TID  shift 24
	.  error

	expr  goto 98
	obj  goto 35
	appended_obj  goto 36
	lhs_appended_obj  goto 37


state 69
	expr : expr EQ . expr  (59)

	LPAREN  shift 3
	LBRACK  shift 5
	AT  shift 6
	MINUS  shift 7
	NOT  shift 8
	TRUE  shift 9
	FALSE  shift 10
	LITERAL  shift 20
	FLOAT  shift 21
	STRING  shift 22
	ID  shift 23
	TID  shift 24
	.  error

	expr  goto 99
	obj  goto 35
	appended_obj  goto 36
	lhs_appended_obj  goto 37


state 70
	expr : expr NEQ . expr  (60)

	LPAREN  shift 3
	LBRACK  shift 5
	AT  shift 6
	MINUS  shift 7
	NOT  shift 8
	TRUE  shift 9
	FALSE  shift 10
	LITERAL  shift 20
	FLOAT  shift 21
	STRING  shift 22
	ID  shift 23
	TID  shift 24
	.  error

	expr  goto 100
	obj  goto 35
	appended_obj  goto 36
	lhs_appended_obj  goto 37


state 71
	expr : expr LT . expr  (61)

	LPAREN  shift 3
	LBRACK  shift 5
	AT  shift 6
	MINUS  shift 7
	NOT  shift 8
	TRUE  shift 9
	FALSE  shift 10
	LITERAL  shift 20
	FLOAT  shift 21
	STRING  shift 22
	ID  shift 23
	TID  shift 24
	.  error

	expr  goto 101
	obj  goto 35
	appended_obj  goto 36
	lhs_appended_obj  goto 37


state 72
	expr : expr LEQ . expr  (62)

	LPAREN  shift 3
	LBRACK  shift 5
	AT  shift 6
	MINUS  shift 7
	NOT  shift 8
	TRUE  shift 9
	FALSE  shift 10
	LITERAL  shift 20
	FLOAT  shift 21
	STRING  shift 22
	ID  shift 23
	TID  shift 24
	.  error

	expr  goto 102
	obj  goto 35
	appended_obj  goto 36
	lhs_appended_obj  goto 37


state 73
	expr : expr GT . expr  (63)

	LPAREN  shift 3
	LBRACK  shift 5
	AT  shift 6
	MINUS  shift 7
	NOT  shift 8
	TRUE  shift 9
	FALSE  shift 10
	LITERAL  shift 20
	FLOAT  shift 21
	STRING  shift 22
	ID  shift 23
	TID  shift 24
	.  error

	expr  goto 103
	obj  goto 35
	appended_obj  goto 36
	lhs_appended_obj  goto 37


state 74
	expr : expr GEQ . expr  (64)

	LPAREN  shift 3
	LBRACK  shift 5
	AT  shift 6
	MINUS  shift 7
	NOT  shift 8
	TRUE  shift 9
	FALSE  shift 10
	LITERAL  shift 20
	FLOAT  shift 21
	STRING  shift 22
	ID  shift 23
	TID  shift 24
	.  error

	expr  goto 104
	obj  goto 35
	appended_obj  goto 36
	lhs_appended_obj  goto 37


state 75
	expr : expr AND . expr  (65)

	LPAREN  shift 3
	LBRACK  shift 5
	AT  shift 6
	MINUS  shift 7
	NOT  shift 8
	TRUE  shift 9
	FALSE  shift 10
	LITERAL  shift 20
	FLOAT  shift 21
	STRING  shift 22
	ID  shift 23
	TID  shift 24
	.  error

	expr  goto 105
	obj  goto 35
	appended_obj  goto 36
	lhs_appended_obj  goto 37


state 76
	expr : expr OR . expr  (66)

	LPAREN  shift 3
	LBRACK  shift 5
	AT  shift 6
	MINUS  shift 7
	NOT  shift 8
	TRUE  shift 9
	FALSE  shift 10
	LITERAL  shift 20
	FLOAT  shift 21
	STRING  shift 22
	ID  shift 23
	TID  shift 24
	.  error

	expr  goto 106
	obj  goto 35
	appended_obj  goto 36
	lhs_appended_obj  goto 37


state 77
	obj : obj LBRACK . expr RBRACK  (39)
	appended_obj : obj LBRACK . expr_opt COLON expr_opt RBRACK  (43)
	appended_obj : obj LBRACK . RBRACK  (44)
	expr_opt : .  (47)

	LPAREN  shift 3
	LBRACK  shift 5
	RBRACK  shift 107
	AT  shift 6
	MINUS  shift 7
	NOT  shift 8
	TRUE  shift 9
	FALSE  shift 10
	LITERAL  shift 20
	FLOAT  shift 21
	STRING  shift 22
	ID  shift 23
	TID  shift 24
	COLON  reduce 47

	expr  goto 108
	obj  goto 35
	appended_obj  goto 36
	expr_opt  goto 109
	lhs_appended_obj  goto 37


state 78
	appended_obj : obj DOLLAR . ID  (41)
	appended_obj : obj DOLLAR . LPAREN expr RPAREN  (42)

	LPAREN  shift 110
	ID  shift 111
	.  error


state 79
	expr : lhs_appended_obj ASSIGN . expr  (69)

	LPAREN  shift 3
	LBRACK  shift 5
	AT  shift 6
	MINUS  shift 7
	NOT  shift 8
	TRUE  shift 9
	FALSE  shift 10
	LITERAL  shift 20
	FLOAT  shift 21
	STRING  shift 22
	ID  shift 23
	TID  shift 24
	.  error

	expr  goto 112
	obj  goto 35
	appended_obj  goto 36
	lhs_appended_obj  goto 37


state 80
	expr : LPAREN expr RPAREN .  (74)

	.  reduce 74


state 81
	stmt : LBRACE stmt_list RBRACE .  (28)

	.  reduce 28


state 82
	stmt_list : stmt_list stmt .  (26)

	.  reduce 26


state 83
	expr : LBRACK actuals_opt RBRACK .  (73)

	.  reduce 73


state 84
	actuals_list : actuals_list COMMA . expr  (78)

	LPAREN  shift 3
	LBRACK  shift 5
	AT  shift 6
	MINUS  shift 7
	NOT  shift 8
	TRUE  shift 9
	FALSE  shift 10
	LITERAL  shift 20
	FLOAT  shift 21
	STRING  shift 22
	ID  shift 23
	TID  shift 24
	.  error

	expr  goto 113
	obj  goto 35
	appended_obj  goto 36
	lhs_appended_obj  goto 37


state 85
	obj : obj LBRACK . expr RBRACK  (39)
	lhs_appended_obj : AT obj LBRACK . expr RBRACK  (46)

	LPAREN  shift 3
	LBRACK  shift 5
	AT  shift 6
	MINUS  shift 7
	NOT  shift 8
	TRUE  shift 9
	FALSE  shift 10
	LITERAL  shift 20
	FLOAT  shift 21
	STRING  shift 22
	ID  shift 23
	TID  shift 24
	.  error

	expr  goto 114
	obj  goto 35
	appended_obj  goto 36
	lhs_appended_obj  goto 37


state 86
	stmt : RETURN expr SEMI .  (37)

	.  reduce 37


state 87
	stmt : IF LPAREN expr . RPAREN stmt  (29)
	stmt : IF LPAREN expr . RPAREN stmt ELSE stmt  (30)
	expr : expr . PLUS expr  (55)
	expr : expr . MINUS expr  (56)
	expr : expr . TIMES expr  (57)
	expr : expr . DIVIDE expr  (58)
	expr : expr . EQ expr  (59)
	expr : expr . NEQ expr  (60)
	expr : expr . LT expr  (61)
	expr : expr . LEQ expr  (62)
	expr : expr . GT expr  (63)
	expr : expr . GEQ expr  (64)
	expr : expr . AND expr  (65)
	expr : expr . OR expr  (66)

	RPAREN  shift 115
	PLUS  shift 65
	MINUS  shift 66
	TIMES  shift 67
	DIVIDE  shift 68
	EQ  shift 69
	NEQ  shift 70
	LT  shift 71
	LEQ  shift 72
	GT  shift 73
	GEQ  shift 74
	AND  shift 75
	OR  shift 76
	.  error


state 88
	stmt : FOR ID IN . expr LBRACE stmt_list RBRACE  (31)
	stmt : FOR ID IN . expr COLON stmt  (32)

	LPAREN  shift 3
	LBRACK  shift 5
	AT  shift 6
	MINUS  shift 7
	NOT  shift 8
	TRUE  shift 9
	FALSE  shift 10
	LITERAL  shift 20
	FLOAT  shift 21
	STRING  shift 22
	ID  shift 23
	TID  shift 24
	.  error

	expr  goto 116
	obj  goto 35
	appended_obj  goto 36
	lhs_appended_obj  goto 37


state 89
	stmt : WHILE LPAREN expr . RPAREN stmt  (33)
	expr : expr . PLUS expr  (55)
	expr : expr . MINUS expr  (56)
	expr : expr . TIMES expr  (57)
	expr : expr . DIVIDE expr  (58)
	expr : expr . EQ expr  (59)
	expr : expr . NEQ expr  (60)
	expr : expr . LT expr  (61)
	expr : expr . LEQ expr  (62)
	expr : expr . GT expr  (63)
	expr : expr . GEQ expr  (64)
	expr : expr . AND expr  (65)
	expr : expr . OR expr  (66)

	RPAREN  shift 117
	PLUS  shift 65
	MINUS  shift 66
	TIMES  shift 67
	DIVIDE  shift 68
	EQ  shift 69
	NEQ  shift 70
	LT  shift 71
	LEQ  shift 72
	GT  shift 73
	GEQ  shift 74
	AND  shift 75
	OR  shift 76
	.  error


state 90
	includ : INCLUDE STRING SEMI .  (6)

	.  reduce 6


state 91
	tdecl : TUPLE TID LBRACE . tup_item_list RBRACE  (13)

	ID  shift 118
	.  error

	tup_item_list  goto 119
	tup_item  goto 120


state 92
	fdecl : FUN ID LPAREN . formals_opt RPAREN LBRACE stmt_list RBRACE  (12)
	formals_opt : .  (21)

	ID  shift 121
	RPAREN  reduce 21

	formals_opt  goto 122
	formal_list  goto 123


state 93
	expr : ID LPAREN actuals_opt . RPAREN  (70)

	RPAREN  shift 124
	.  error


state 94
	expr : TID LBRACK RBRACK .  (72)

	.  reduce 72


state 95
	expr : expr . PLUS expr  (55)
	expr : expr PLUS expr .  (55)
	expr : expr . MINUS expr  (56)
	expr : expr . TIMES expr  (57)
	expr : expr . DIVIDE expr  (58)
	expr : expr . EQ expr  (59)
	expr : expr . NEQ expr  (60)
	expr : expr . LT expr  (61)
	expr : expr . LEQ expr  (62)
	expr : expr . GT expr  (63)
	expr : expr . GEQ expr  (64)
	expr : expr . AND expr  (65)
	expr : expr . OR expr  (66)

	TIMES  shift 67
	DIVIDE  shift 68
	SEMI  reduce 55
	RPAREN  reduce 55
	LBRACE  reduce 55
	RBRACK  reduce 55
	COMMA  reduce 55
	COLON  reduce 55
	PLUS  reduce 55
	MINUS  reduce 55
	EQ  reduce 55
	NEQ  reduce 55
	LT  reduce 55
	LEQ  reduce 55
	GT  reduce 55
	GEQ  reduce 55
	AND  reduce 55
	OR  reduce 55


state 96
	expr : expr . PLUS expr  (55)
	expr : expr . MINUS expr  (56)
	expr : expr MINUS expr .  (56)
	expr : expr . TIMES expr  (57)
	expr : expr . DIVIDE expr  (58)
	expr : expr . EQ expr  (59)
	expr : expr . NEQ expr  (60)
	expr : expr . LT expr  (61)
	expr : expr . LEQ expr  (62)
	expr : expr . GT expr  (63)
	expr : expr . GEQ expr  (64)
	expr : expr . AND expr  (65)
	expr : expr . OR expr  (66)

	TIMES  shift 67
	DIVIDE  shift 68
	SEMI  reduce 56
	RPAREN  reduce 56
	LBRACE  reduce 56
	RBRACK  reduce 56
	COMMA  reduce 56
	COLON  reduce 56
	PLUS  reduce 56
	MINUS  reduce 56
	EQ  reduce 56
	NEQ  reduce 56
	LT  reduce 56
	LEQ  reduce 56
	GT  reduce 56
	GEQ  reduce 56
	AND  reduce 56
	OR  reduce 56


state 97
	expr : expr . PLUS expr  (55)
	expr : expr . MINUS expr  (56)
	expr : expr . TIMES expr  (57)
	expr : expr TIMES expr .  (57)
	expr : expr . DIVIDE expr  (58)
	expr : expr . EQ expr  (59)
	expr : expr . NEQ expr  (60)
	expr : expr . LT expr  (61)
	expr : expr . LEQ expr  (62)
	expr : expr . GT expr  (63)
	expr : expr . GEQ expr  (64)
	expr : expr . AND expr  (65)
	expr : expr . OR expr  (66)

	.  reduce 57


state 98
	expr : expr . PLUS expr  (55)
	expr : expr . MINUS expr  (56)
	expr : expr . TIMES expr  (57)
	expr : expr . DIVIDE expr  (58)
	expr : expr DIVIDE expr .  (58)
	expr : expr . EQ expr  (59)
	expr : expr . NEQ expr  (60)
	expr : expr . LT expr  (61)
	expr : expr . LEQ expr  (62)
	expr : expr . GT expr  (63)
	expr : expr . GEQ expr  (64)
	expr : expr . AND expr  (65)
	expr : expr . OR expr  (66)

	.  reduce 58


state 99
	expr : expr . PLUS expr  (55)
	expr : expr . MINUS expr  (56)
	expr : expr . TIMES expr  (57)
	expr : expr . DIVIDE expr  (58)
	expr : expr . EQ expr  (59)
	expr : expr EQ expr .  (59)
	expr : expr . NEQ expr  (60)
	expr : expr . LT expr  (61)
	expr : expr . LEQ expr  (62)
	expr : expr . GT expr  (63)
	expr : expr . GEQ expr  (64)
	expr : expr . AND expr  (65)
	expr : expr . OR expr  (66)

	PLUS  shift 65
	MINUS  shift 66
	TIMES  shift 67
	DIVIDE  shift 68
	LT  shift 71
	LEQ  shift 72
	GT  shift 73
	GEQ  shift 74
	SEMI  reduce 59
	RPAREN  reduce 59
	LBRACE  reduce 59
	RBRACK  reduce 59
	COMMA  reduce 59
	COLON  reduce 59
	EQ  reduce 59
	NEQ  reduce 59
	AND  reduce 59
	OR  reduce 59


state 100
	expr : expr . PLUS expr  (55)
	expr : expr . MINUS expr  (56)
	expr : expr . TIMES expr  (57)
	expr : expr . DIVIDE expr  (58)
	expr : expr . EQ expr  (59)
	expr : expr . NEQ expr  (60)
	expr : expr NEQ expr .  (60)
	expr : expr . LT expr  (61)
	expr : expr . LEQ expr  (62)
	expr : expr . GT expr  (63)
	expr : expr . GEQ expr  (64)
	expr : expr . AND expr  (65)
	expr : expr . OR expr  (66)

	PLUS  shift 65
	MINUS  shift 66
	TIMES  shift 67
	DIVIDE  shift 68
	LT  shift 71
	LEQ  shift 72
	GT  shift 73
	GEQ  shift 74
	SEMI  reduce 60
	RPAREN  reduce 60
	LBRACE  reduce 60
	RBRACK  reduce 60
	COMMA  reduce 60
	COLON  reduce 60
	EQ  reduce 60
	NEQ  reduce 60
	AND  reduce 60
	OR  reduce 60


state 101
	expr : expr . PLUS expr  (55)
	expr : expr . MINUS expr  (56)
	expr : expr . TIMES expr  (57)
	expr : expr . DIVIDE expr  (58)
	expr : expr . EQ expr  (59)
	expr : expr . NEQ expr  (60)
	expr : expr . LT expr  (61)
	expr : expr LT expr .  (61)
	expr : expr . LEQ expr  (62)
	expr : expr . GT expr  (63)
	expr : expr . GEQ expr  (64)
	expr : expr . AND expr  (65)
	expr : expr . OR expr  (66)

	PLUS  shift 65
	MINUS  shift 66
	TIMES  shift 67
	DIVIDE  shift 68
	SEMI  reduce 61
	RPAREN  reduce 61
	LBRACE  reduce 61
	RBRACK  reduce 61
	COMMA  reduce 61
	COLON  reduce 61
	EQ  reduce 61
	NEQ  reduce 61
	LT  reduce 61
	LEQ  reduce 61
	GT  reduce 61
	GEQ  reduce 61
	AND  reduce 61
	OR  reduce 61


state 102
	expr : expr . PLUS expr  (55)
	expr : expr . MINUS expr  (56)
	expr : expr . TIMES expr  (57)
	expr : expr . DIVIDE expr  (58)
	expr : expr . EQ expr  (59)
	expr : expr . NEQ expr  (60)
	expr : expr . LT expr  (61)
	expr : expr . LEQ expr  (62)
	expr : expr LEQ expr .  (62)
	expr : expr . GT expr  (63)
	expr : expr . GEQ expr  (64)
	expr : expr . AND expr  (65)
	expr : expr . OR expr  (66)

	PLUS  shift 65
	MINUS  shift 66
	TIMES  shift 67
	DIVIDE  shift 68
	SEMI  reduce 62
	RPAREN  reduce 62
	LBRACE  reduce 62
	RBRACK  reduce 62
	COMMA  reduce 62
	COLON  reduce 62
	EQ  reduce 62
	NEQ  reduce 62
	LT  reduce 62
	LEQ  reduce 62
	GT  reduce 62
	GEQ  reduce 62
	AND  reduce 62
	OR  reduce 62


state 103
	expr : expr . PLUS expr  (55)
	expr : expr . MINUS expr  (56)
	expr : expr . TIMES expr  (57)
	expr : expr . DIVIDE expr  (58)
	expr : expr . EQ expr  (59)
	expr : expr . NEQ expr  (60)
	expr : expr . LT expr  (61)
	expr : expr . LEQ expr  (62)
	expr : expr . GT expr  (63)
	expr : expr GT expr .  (63)
	expr : expr . GEQ expr  (64)
	expr : expr . AND expr  (65)
	expr : expr . OR expr  (66)

	PLUS  shift 65
	MINUS  shift 66
	TIMES  shift 67
	DIVIDE  shift 68
	SEMI  reduce 63
	RPAREN  reduce 63
	LBRACE  reduce 63
	RBRACK  reduce 63
	COMMA  reduce 63
	COLON  reduce 63
	EQ  reduce 63
	NEQ  reduce 63
	LT  reduce 63
	LEQ  reduce 63
	GT  reduce 63
	GEQ  reduce 63
	AND  reduce 63
	OR  reduce 63


state 104
	expr : expr . PLUS expr  (55)
	expr : expr . MINUS expr  (56)
	expr : expr . TIMES expr  (57)
	expr : expr . DIVIDE expr  (58)
	expr : expr . EQ expr  (59)
	expr : expr . NEQ expr  (60)
	expr : expr . LT expr  (61)
	expr : expr . LEQ expr  (62)
	expr : expr . GT expr  (63)
	expr : expr . GEQ expr  (64)
	expr : expr GEQ expr .  (64)
	expr : expr . AND expr  (65)
	expr : expr . OR expr  (66)

	PLUS  shift 65
	MINUS  shift 66
	TIMES  shift 67
	DIVIDE  shift 68
	SEMI  reduce 64
	RPAREN  reduce 64
	LBRACE  reduce 64
	RBRACK  reduce 64
	COMMA  reduce 64
	COLON  reduce 64
	EQ  reduce 64
	NEQ  reduce 64
	LT  reduce 64
	LEQ  reduce 64
	GT  reduce 64
	GEQ  reduce 64
	AND  reduce 64
	OR  reduce 64


state 105
	expr : expr . PLUS expr  (55)
	expr : expr . MINUS expr  (56)
	expr : expr . TIMES expr  (57)
	expr : expr . DIVIDE expr  (58)
	expr : expr . EQ expr  (59)
	expr : expr . NEQ expr  (60)
	expr : expr . LT expr  (61)
	expr : expr . LEQ expr  (62)
	expr : expr . GT expr  (63)
	expr : expr . GEQ expr  (64)
	expr : expr . AND expr  (65)
	expr : expr AND expr .  (65)
	expr : expr . OR expr  (66)

	PLUS  shift 65
	MINUS  shift 66
	TIMES  shift 67
	DIVIDE  shift 68
	EQ  shift 69
	NEQ  shift 70
	LT  shift 71
	LEQ  shift 72
	GT  shift 73
	GEQ  shift 74
	SEMI  reduce 65
	RPAREN  reduce 65
	LBRACE  reduce 65
	RBRACK  reduce 65
	COMMA  reduce 65
	COLON  reduce 65
	AND  reduce 65
	OR  reduce 65


state 106
	expr : expr . PLUS expr  (55)
	expr : expr . MINUS expr  (56)
	expr : expr . TIMES expr  (57)
	expr : expr . DIVIDE expr  (58)
	expr : expr . EQ expr  (59)
	expr : expr . NEQ expr  (60)
	expr : expr . LT expr  (61)
	expr : expr . LEQ expr  (62)
	expr : expr . GT expr  (63)
	expr : expr . GEQ expr  (64)
	expr : expr . AND expr  (65)
	expr : expr . OR expr  (66)
	expr : expr OR expr .  (66)

	PLUS  shift 65
	MINUS  shift 66
	TIMES  shift 67
	DIVIDE  shift 68
	EQ  shift 69
	NEQ  shift 70
	LT  shift 71
	LEQ  shift 72
	GT  shift 73
	GEQ  shift 74
	AND  shift 75
	SEMI  reduce 66
	RPAREN  reduce 66
	LBRACE  reduce 66
	RBRACK  reduce 66
	COMMA  reduce 66
	COLON  reduce 66
	OR  reduce 66


state 107
	appended_obj : obj LBRACK RBRACK .  (44)

	.  reduce 44


state 108
	obj : obj LBRACK expr . RBRACK  (39)
	expr_opt : expr .  (48)
	expr : expr . PLUS expr  (55)
	expr : expr . MINUS expr  (56)
	expr : expr . TIMES expr  (57)
	expr : expr . DIVIDE expr  (58)
	expr : expr . EQ expr  (59)
	expr : expr . NEQ expr  (60)
	expr : expr . LT expr  (61)
	expr : expr . LEQ expr  (62)
	expr : expr . GT expr  (63)
	expr : expr . GEQ expr  (64)
	expr : expr . AND expr  (65)
	expr : expr . OR expr  (66)

	RBRACK  shift 125
	PLUS  shift 65
	MINUS  shift 66
	TIMES  shift 67
	DIVIDE  shift 68
	EQ  shift 69
	NEQ  shift 70
	LT  shift 71
	LEQ  shift 72
	GT  shift 73
	GEQ  shift 74
	AND  shift 75
	OR  shift 76
	COLON  reduce 48


state 109
	appended_obj : obj LBRACK expr_opt . COLON expr_opt RBRACK  (43)

	COLON  shift 126
	.  error


state 110
	appended_obj : obj DOLLAR LPAREN . expr RPAREN  (42)

	LPAREN  shift 3
	LBRACK  shift 5
	AT  shift 6
	MINUS  shift 7
	NOT  shift 8
	TRUE  shift 9
	FALSE  shift 10
	LITERAL  shift 20
	FLOAT  shift 21
	STRING  shift 22
	ID  shift 23
	TID  shift 24
	.  error

	expr  goto 127
	obj  goto 35
	appended_obj  goto 36
	lhs_appended_obj  goto 37


state 111
	appended_obj : obj DOLLAR ID .  (41)

	.  reduce 41


state 112
	expr : expr . PLUS expr  (55)
	expr : expr . MINUS expr  (56)
	expr : expr . TIMES expr  (57)
	expr : expr . DIVIDE expr  (58)
	expr : expr . EQ expr  (59)
	expr : expr . NEQ expr  (60)
	expr : expr . LT expr  (61)
	expr : expr . LEQ expr  (62)
	expr : expr . GT expr  (63)
	expr : expr . GEQ expr  (64)
	expr : expr . AND expr  (65)
	expr : expr . OR expr  (66)
	expr : lhs_appended_obj ASSIGN expr .  (69)

	PLUS  shift 65
	MINUS  shift 66
	TIMES  shift 67
	DIVIDE  shift 68
	EQ  shift 69
	NEQ  shift 70
	LT  shift 71
	LEQ  shift 72
	GT  shift 73
	GEQ  shift 74
	AND  shift 75
	OR  shift 76
	SEMI  reduce 69
	RPAREN  reduce 69
	LBRACE  reduce 69
	RBRACK  reduce 69
	COMMA  reduce 69
	COLON  reduce 69


state 113
	expr : expr . PLUS expr  (55)
	expr : expr . MINUS expr  (56)
	expr : expr . TIMES expr  (57)
	expr : expr . DIVIDE expr  (58)
	expr : expr . EQ expr  (59)
	expr : expr . NEQ expr  (60)
	expr : expr . LT expr  (61)
	expr : expr . LEQ expr  (62)
	expr : expr . GT expr  (63)
	expr : expr . GEQ expr  (64)
	expr : expr . AND expr  (65)
	expr : expr . OR expr  (66)
	actuals_list : actuals_list COMMA expr .  (78)

	PLUS  shift 65
	MINUS  shift 66
	TIMES  shift 67
	DIVIDE  shift 68
	EQ  shift 69
	NEQ  shift 70
	LT  shift 71
	LEQ  shift 72
	GT  shift 73
	GEQ  shift 74
	AND  shift 75
	OR  shift 76
	RPAREN  reduce 78
	RBRACK  reduce 78
	COMMA  reduce 78


state 114
	obj : obj LBRACK expr . RBRACK  (39)
	lhs_appended_obj : AT obj LBRACK expr . RBRACK  (46)
	expr : expr . PLUS expr  (55)
	expr : expr . MINUS expr  (56)
	expr : expr . TIMES expr  (57)
	expr : expr . DIVIDE expr  (58)
	expr : expr . EQ expr  (59)
	expr : expr . NEQ expr  (60)
	expr : expr . LT expr  (61)
	expr : expr . LEQ expr  (62)
	expr : expr . GT expr  (63)
	expr : expr . GEQ expr  (64)
	expr : expr . AND expr  (65)
	expr : expr . OR expr  (66)

	RBRACK  shift 128
	PLUS  shift 65
	MINUS  shift 66
	TIMES  shift 67
	DIVIDE  shift 68
	EQ  shift 69
	NEQ  shift 70
	LT  shift 71
	LEQ  shift 72
	GT  shift 73
	GEQ  shift 74
	AND  shift 75
	OR  shift 76
	.  error


state 115
	stmt : IF LPAREN expr RPAREN . stmt  (29)
	stmt : IF LPAREN expr RPAREN . stmt ELSE stmt  (30)

	LPAREN  shift 3
	LBRACE  shift 4
	LBRACK  shift 5
	AT  shift 6
	MINUS  shift 7
	NOT  shift 8
	TRUE  shift 9
	FALSE  shift 10
	RETURN  shift 11
	IF  shift 12
	FOR  shift 13
	WHILE  shift 14
	BREAK  shift 17
	CONTINUE  shift 18
	LITERAL  shift 20
	FLOAT  shift 21
	STRING  shift 22
	ID  shift 23
	TID  shift 24
	.  error

	stmt  goto 129
	expr  goto 34
	obj  goto 35
	appended_obj  goto 36
	lhs_appended_obj  goto 37


state 116
	stmt : FOR ID IN expr . LBRACE stmt_list RBRACE  (31)
	stmt : FOR ID IN expr . COLON stmt  (32)
	expr : expr . PLUS expr  (55)
	expr : expr . MINUS expr  (56)
	expr : expr . TIMES expr  (57)
	expr : expr . DIVIDE expr  (58)
	expr : expr . EQ expr  (59)
	expr : expr . NEQ expr  (60)
	expr : expr . LT expr  (61)
	expr : expr . LEQ expr  (62)
	expr : expr . GT expr  (63)
	expr : expr . GEQ expr  (64)
	expr : expr . AND expr  (65)
	expr : expr . OR expr  (66)

	LBRACE  shift 130
	COLON  shift 131
	PLUS  shift 65
	MINUS  shift 66
	TIMES  shift 67
	DIVIDE  shift 68
	EQ  shift 69
	NEQ  shift 70
	LT  shift 71
	LEQ  shift 72
	GT  shift 73
	GEQ  shift 74
	AND  shift 75
	OR  shift 76
	.  error


state 117
	stmt : WHILE LPAREN expr RPAREN . stmt  (33)

	LPAREN  shift 3
	LBRACE  shift 4
	LBRACK  shift 5
	AT  shift 6
	MINUS  shift 7
	NOT  shift 8
	TRUE  shift 9
	FALSE  shift 10
	RETURN  shift 11
	IF  shift 12
	FOR  shift 13
	WHILE  shift 14
	BREAK  shift 17
	CONTINUE  shift 18
	LITERAL  shift 20
	FLOAT  shift 21
	STRING  shift 22
	ID  shift 23
	TID  shift 24
	.  error

	stmt  goto 132
	expr  goto 34
	obj  goto 35
	appended_obj  goto 36
	lhs_appended_obj  goto 37


state 118
	tup_item : ID .  (16)
	tup_item : ID . COLON tup_typ  (17)

	COLON  shift 133
	RBRACE  reduce 16
	COMMA  reduce 16


state 119
	tdecl : TUPLE TID LBRACE tup_item_list . RBRACE  (13)
	tup_item_list : tup_item_list . COMMA tup_item  (15)

	RBRACE  shift 134
	COMMA  shift 135
	.  error


state 120
	tup_item_list : tup_item .  (14)

	.  reduce 14


state 121
	formal_list : ID .  (23)

	.  reduce 23


state 122
	fdecl : FUN ID LPAREN formals_opt . RPAREN LBRACE stmt_list RBRACE  (12)

	RPAREN  shift 136
	.  error


state 123
	formals_opt : formal_list .  (22)
	formal_list : formal_list . COMMA ID  (24)

	COMMA  shift 137
	RPAREN  reduce 22


state 124
	expr : ID LPAREN actuals_opt RPAREN .  (70)

	.  reduce 70


state 125
	obj : obj LBRACK expr RBRACK .  (39)

	.  reduce 39


state 126
	appended_obj : obj LBRACK expr_opt COLON . expr_opt RBRACK  (43)
	expr_opt : .  (47)

	LPAREN  shift 3
	LBRACK  shift 5
	AT  shift 6
	MINUS  shift 7
	NOT  shift 8
	TRUE  shift 9
	FALSE  shift 10
	LITERAL  shift 20
	FLOAT  shift 21
	STRING  shift 22
	ID  shift 23
	TID  shift 24
	RBRACK  reduce 47

	expr  goto 138
	obj  goto 35
	appended_obj  goto 36
	expr_opt  goto 139
	lhs_appended_obj  goto 37


state 127
	appended_obj : obj DOLLAR LPAREN expr . RPAREN  (42)
	expr : expr . PLUS expr  (55)
	expr : expr . MINUS expr  (56)
	expr : expr . TIMES expr  (57)
	expr : expr . DIVIDE expr  (58)
	expr : expr . EQ expr  (59)
	expr : expr . NEQ expr  (60)
	expr : expr . LT expr  (61)
	expr : expr . LEQ expr  (62)
	expr : expr . GT expr  (63)
	expr : expr . GEQ expr  (64)
	expr : expr . AND expr  (65)
	expr : expr . OR expr  (66)

	RPAREN  shift 140
	PLUS  shift 65
	MINUS  shift 66
	TIMES  shift 67
	DIVIDE  shift 68
	EQ  shift 69
	NEQ  shift 70
	LT  shift 71
	LEQ  shift 72
	GT  shift 73
	GEQ  shift 74
	AND  shift 75
	OR  shift 76
	.  error


state 128
	obj : obj LBRACK expr RBRACK .  (39)
	lhs_appended_obj : AT obj LBRACK expr RBRACK .  (46)

	LBRACK  reduce 39
	ASSIGN  reduce 46


state 129
	stmt : IF LPAREN expr RPAREN stmt .  (29)
	stmt : IF LPAREN expr RPAREN stmt . ELSE stmt  (30)

	ELSE  shift 141
	LPAREN  reduce 29
	LBRACE  reduce 29
	RBRACE  reduce 29
	LBRACK  reduce 29
	AT  reduce 29
	MINUS  reduce 29
	NOT  reduce 29
	TRUE  reduce 29
	FALSE  reduce 29
	RETURN  reduce 29
	IF  reduce 29
	FOR  reduce 29
	WHILE  reduce 29
	TUPLE  reduce 29
	BREAK  reduce 29
	CONTINUE  reduce 29
	FUN  reduce 29
	LITERAL  reduce 29
	FLOAT  reduce 29
	STRING  reduce 29
	ID  reduce 29
	TID  reduce 29
	EOF  reduce 29


state 130
	stmt : FOR ID IN expr LBRACE . stmt_list RBRACE  (31)
	stmt_list : .  (25)

	.  reduce 25

	stmt_list  goto 142


state 131
	stmt : FOR ID IN expr COLON . stmt  (32)

	LPAREN  shift 3
	LBRACE  shift 4
	LBRACK  shift 5
	AT  shift 6
	MINUS  shift 7
	NOT  shift 8
	TRUE  shift 9
	FALSE  shift 10
	RETURN  shift 11
	IF  shift 12
	FOR  shift 13
	WHILE  shift 14
	BREAK  shift 17
	CONTINUE  shift 18
	LITERAL  shift 20
	FLOAT  shift 21
	STRING  shift 22
	ID  shift 23
	TID  shift 24
	.  error

	stmt  goto 143
	expr  goto 34
	obj  goto 35
	appended_obj  goto 36
	lhs_appended_obj  goto 37


state 132
	stmt : WHILE LPAREN expr RPAREN stmt .  (33)

	.  reduce 33


state 133
	tup_item : ID COLON . tup_typ  (17)

	REAL  shift 144
	INTEGER  shift 145
	TEXT  shift 146
	.  error

	tup_typ  goto 147


state 134
	tdecl : TUPLE TID LBRACE tup_item_list RBRACE .  (13)

	.  reduce 13


state 135
	tup_item_list : tup_item_list COMMA . tup_item  (15)

	ID  shift 118
	.  error

	tup_item  goto 148


state 136
	fdecl : FUN ID LPAREN formals_opt RPAREN . LBRACE stmt_list RBRACE  (12)

	LBRACE  shift 149
	.  error


state 137
	formal_list : formal_list COMMA . ID  (24)

	ID  shift 150
	.  error


state 138
	expr_opt : expr .  (48)
	expr : expr . PLUS expr  (55)
	expr : expr . MINUS expr  (56)
	expr : expr . TIMES expr  (57)
	expr : expr . DIVIDE expr  (58)
	expr : expr . EQ expr  (59)
	expr : expr . NEQ expr  (60)
	expr : expr . LT expr  (61)
	expr : expr . LEQ expr  (62)
	expr : expr . GT expr  (63)
	expr : expr . GEQ expr  (64)
	expr : expr . AND expr  (65)
	expr : expr . OR expr  (66)

	PLUS  shift 65
	MINUS  shift 66
	TIMES  shift 67
	DIVIDE  shift 68
	EQ  shift 69
	NEQ  shift 70
	LT  shift 71
	LEQ  shift 72
	GT  shift 73
	GEQ  shift 74
	AND  shift 75
	OR  shift 76
	RBRACK  reduce 48


state 139
	appended_obj : obj LBRACK expr_opt COLON expr_opt . RBRACK  (43)

	RBRACK  shift 151
	.  error


state 140
	appended_obj : obj DOLLAR LPAREN expr RPAREN .  (42)

	.  reduce 42


state 141
	stmt : IF LPAREN expr RPAREN stmt ELSE . stmt  (30)

	LPAREN  shift 3
	LBRACE  shift 4
	LBRACK  shift 5
	AT  shift 6
	MINUS  shift 7
	NOT  shift 8
	TRUE  shift 9
	FALSE  shift 10
	RETURN  shift 11
	IF  shift 12
	FOR  shift 13
	WHILE  shift 14
	BREAK  shift 17
	CONTINUE  shift 18
	LITERAL  shift 20
	FLOAT  shift 21
	STRING  shift 22
	ID  shift 23
	TID  shift 24
	.  error

	stmt  goto 152
	expr  goto 34
	obj  goto 35
	appended_obj  goto 36
	lhs_appended_obj  goto 37


state 142
	stmt_list : stmt_list . stmt  (26)
	stmt : FOR ID IN expr LBRACE stmt_list . RBRACE  (31)

	LPAREN  shift 3
	LBRACE  shift 4
	RBRACE  shift 153
	LBRACK  shift 5
	AT  shift 6
	MINUS  shift 7
	NOT  shift 8
	TRUE  shift 9
	FALSE  shift 10
	RETURN  shift 11
	IF  shift 12
	FOR  shift 13
	WHILE  shift 14
	BREAK  shift 17
	CONTINUE  shift 18
	LITERAL  shift 20
	FLOAT  shift 21
	STRING  shift 22
	ID  shift 23
	TID  shift 24
	.  error

	stmt  goto 82
	expr  goto 34
	obj  goto 35
	appended_obj  goto 36
	lhs_appended_obj  goto 37


state 143
	stmt : FOR ID IN expr COLON stmt .  (32)

	.  reduce 32


state 144
	tup_typ : REAL .  (19)

	.  reduce 19


state 145
	tup_typ : INTEGER .  (18)

	.  reduce 18


state 146
	tup_typ : TEXT .  (20)

	.  reduce 20


state 147
	tup_item : ID COLON tup_typ .  (17)

	.  reduce 17


state 148
	tup_item_list : tup_item_list COMMA tup_item .  (15)

	.  reduce 15


state 149
	fdecl : FUN ID LPAREN formals_opt RPAREN LBRACE . stmt_list RBRACE  (12)
	stmt_list : .  (25)

	.  reduce 25

	stmt_list  goto 154


state 150
	formal_list : formal_list COMMA ID .  (24)

	.  reduce 24


state 151
	appended_obj : obj LBRACK expr_opt COLON expr_opt RBRACK .  (43)

	.  reduce 43


state 152
	stmt : IF LPAREN expr RPAREN stmt ELSE stmt .  (30)

	.  reduce 30


state 153
	stmt : FOR ID IN expr LBRACE stmt_list RBRACE .  (31)

	.  reduce 31


state 154
	fdecl : FUN ID LPAREN formals_opt RPAREN LBRACE stmt_list . RBRACE  (12)
	stmt_list : stmt_list . stmt  (26)

	LPAREN  shift 3
	LBRACE  shift 4
	RBRACE  shift 155
	LBRACK  shift 5
	AT  shift 6
	MINUS  shift 7
	NOT  shift 8
	TRUE  shift 9
	FALSE  shift 10
	RETURN  shift 11
	IF  shift 12
	FOR  shift 13
	WHILE  shift 14
	BREAK  shift 17
	CONTINUE  shift 18
	LITERAL  shift 20
	FLOAT  shift 21
	STRING  shift 22
	ID  shift 23
	TID  shift 24
	.  error

	stmt  goto 82
	expr  goto 34
	obj  goto 35
	appended_obj  goto 36
	lhs_appended_obj  goto 37


state 155
	fdecl : FUN ID LPAREN formals_opt RPAREN LBRACE stmt_list RBRACE .  (12)

	.  reduce 12


53 terminals, 24 nonterminals
80 grammar rules, 156 states
